


ARM Macro Assembler    Page 1 


    1 00000000                 AREA             RESET, CODE, READONLY
    2 00000000         
    3 00000000 E3A07004        MOV              R7,0X04     ; OUTER LOOP
    4 00000004 E3A06004 
                       BACK2   MOV              R6,0X04     ; INNER LOOP
    5 00000008 E3A00101        LDR              R0,=0X40000000
    6 0000000C         
    7 0000000C E4D02001 
                       BACK1   LDRB             R2,[R0],#1
    8 00000010 E5D03000        LDRB             R3,[R0]
    9 00000014 E1520003        CMP              R2,R3
   10 00000018 4A000003        BMI              SKIP
   11 0000001C E5C02000        STRB             R2,[R0]
   12 00000020 E2400001        SUB              R0,R0,#1
   13 00000024 E5C03000        STRB             R3,[R0]
   14 00000028 E2800001        ADD              R0,R0,#1
   15 0000002C         
   16 0000002C         
   17 0000002C E2566001 
                       SKIP    SUBS             R6,R6,#1
   18 00000030 1AFFFFF5        BNE              BACK1
   19 00000034 E2577001        SUBS             R7,R7,#1
   20 00000038 1AFFFFF1        BNE              BACK2
   21 0000003C EAFFFFFE 
                       HERE    B                HERE
   22 00000040                 END
Command Line: --debug --xref --apcs=interwork --depend=assending.d -oassending.
o -IC:\Keil\ARM\RV31\INC -IC:\Keil\ARM\CMSIS\Include -IC:\Keil\ARM\Inc\Philips 
--list=assending.lst assending.asm



ARM Macro Assembler    Page 1 Alphabetic symbol ordering
Relocatable symbols

BACK1 0000000C

Symbol: BACK1
   Definitions
      At line 7 in file assending.asm
   Uses
      At line 18 in file assending.asm
Comment: BACK1 used once
BACK2 00000004

Symbol: BACK2
   Definitions
      At line 4 in file assending.asm
   Uses
      At line 20 in file assending.asm
Comment: BACK2 used once
HERE 0000003C

Symbol: HERE
   Definitions
      At line 21 in file assending.asm
   Uses
      At line 21 in file assending.asm
Comment: HERE used once
RESET 00000000

Symbol: RESET
   Definitions
      At line 1 in file assending.asm
   Uses
      None
Comment: RESET unused
SKIP 0000002C

Symbol: SKIP
   Definitions
      At line 17 in file assending.asm
   Uses
      At line 10 in file assending.asm
Comment: SKIP used once
5 symbols
335 symbols in table
