


ARM Macro Assembler    Page 1 


    1 00000000                 AREA             RESET, CODE, READONLY
    2 00000000         
    3 00000000 E3A00101        LDR              R0,=0X40000000
    4 00000004 E3A01000        MOV              R1,0X00
    5 00000008 E3A02000        MOV              R2,0X00
    6 0000000C E3A04000        MOV              R4,0X00
    7 00000010 E3A05005        MOV              R5,0X05
    8 00000014         
    9 00000014 E4903004 
                       JUMP    LDR              R3,[R0],0x04
   10 00000018         
   11 00000018 E0931001        ADDS             R1,R3,R1
   12 0000001C 22844001        ADDCS            R4,R4,0x01
   13 00000020 E2555001        SUBS             R5,R5,0x01
   14 00000024 1AFFFFFA        BNE              JUMP
   15 00000028 E4804004        STR              R4,[R0],#4
   16 0000002C E5801000        STR              R1,[R0]
   17 00000030 EAFFFFFE 
                       HERE    B                HERE
   18 00000034                 END
Command Line: --debug --xref --apcs=interwork --depend=addarr.d -oaddarr.o -IC:
\Keil\ARM\RV31\INC -IC:\Keil\ARM\CMSIS\Include -IC:\Keil\ARM\Inc\Philips --list
=addarr.lst addarr.asm



ARM Macro Assembler    Page 1 Alphabetic symbol ordering
Relocatable symbols

HERE 00000030

Symbol: HERE
   Definitions
      At line 17 in file addarr.asm
   Uses
      At line 17 in file addarr.asm
Comment: HERE used once
JUMP 00000014

Symbol: JUMP
   Definitions
      At line 9 in file addarr.asm
   Uses
      At line 14 in file addarr.asm
Comment: JUMP used once
RESET 00000000

Symbol: RESET
   Definitions
      At line 1 in file addarr.asm
   Uses
      None
Comment: RESET unused
3 symbols
333 symbols in table
